<?xml version="1.0" encoding="UTF-8"?>
<!-- Generated by org.testng.reporters.JUnitReportReporter -->
<testsuite hostname="MacBook-Pro.ht.home" failures="0" tests="7" name="com.tutorialsninja.testcases.LoginTest" time="89.113" errors="0" timestamp="14 Aug 2024 03:38:39 GMT" skipped="0">
  <testcase classname="com.tutorialsninja.testcases.LoginTest" name="verifyLoginWithValidCredentials" time="6.312"/>
  <testcase classname="com.tutorialsninja.testcases.LoginTest" name="verifyLoginWithInalidCredentials" time="8.592"/>
  <testcase classname="com.tutorialsninja.testcases.LoginTest" name="verifyLoginWithValidEmailAndInvalidPassword" time="6.085"/>
  <testcase classname="com.tutorialsninja.testcases.LoginTest" name="verifyLoginWithInvalidEmailAndValidPassword" time="39.995"/>
  <testcase classname="com.tutorialsninja.testcases.LoginTest" name="verifyLoginWithNoCredentials" time="10.767"/>
  <testcase classname="com.tutorialsninja.testcases.LoginTest" name="verifyLoginWithEmptyEmail" time="5.644"/>
  <testcase classname="com.tutorialsninja.testcases.LoginTest" name="verifyLoginWithEmptyPassword" time="11.718"/>
</testsuite> <!-- com.tutorialsninja.testcases.LoginTest -->
