<?xml version="1.0" encoding="UTF-8"?>
<!-- Generated by org.testng.reporters.JUnitReportReporter -->
<testsuite hostname="MacBook-Pro.ht.home" failures="0" tests="1" name="com.tutorialsninja.testcases.CompleteCheckoutTest" time="58.395" errors="0" timestamp="14 Aug 2024 03:58:00 GMT" skipped="0">
  <testcase classname="com.tutorialsninja.testcases.CompleteCheckoutTest" name="validateCompleteCheckoutWithGuestAccount" time="58.395"/>
</testsuite> <!-- com.tutorialsninja.testcases.CompleteCheckoutTest -->
