<?xml version="1.0" encoding="UTF-8"?>
<!-- Generated by org.testng.reporters.JUnitReportReporter -->
<testsuite hostname="MacBook-Pro.ht.home" failures="0" tests="6" name="com.tutorialsninja.testcases.RegisterTest" time="30.337" errors="0" timestamp="13 Aug 2024 19:02:42 GMT" skipped="1">
  <testcase classname="com.tutorialsninja.testcases.RegisterTest" name="verifyRegisterWithAllDetails" time="6.635"/>
  <testcase classname="com.tutorialsninja.testcases.RegisterTest" name="verifyRegisterWithExistingEmail" time="5.943"/>
  <testcase classname="com.tutorialsninja.testcases.RegisterTest" name="verifyRegisterWithInvalidConfirmPassword" time="6.187"/>
  <testcase classname="com.tutorialsninja.testcases.RegisterTest" name="verifyRegisterWithNoDetails" time="5.398"/>
  <testcase classname="com.tutorialsninja.testcases.RegisterTest" name="verifyRegisterWithoutClickingAgreePrivacyPolicy" time="6.174"/>
  <testcase classname="com.tutorialsninja.testcases.RegisterTest" name="verifyRegisterWithMandatoryDetails">
    <skipped/>
  </testcase> <!-- verifyRegisterWithMandatoryDetails -->
</testsuite> <!-- com.tutorialsninja.testcases.RegisterTest -->
