<?xml version="1.0" encoding="UTF-8"?>
<!-- Generated by org.testng.reporters.JUnitReportReporter -->
<testsuite hostname="MacBook-Pro.ht.home" failures="0" tests="3" name="com.tutorialsninja.testcases.SearchProductTest" time="48.938" errors="0" timestamp="14 Aug 2024 03:38:39 GMT" skipped="0">
  <testcase classname="com.tutorialsninja.testcases.SearchProductTest" name="verifySearchWithValidProduct" time="6.753"/>
  <testcase classname="com.tutorialsninja.testcases.SearchProductTest" name="verifySearchWithInvalidProduct" time="35.355"/>
  <testcase classname="com.tutorialsninja.testcases.SearchProductTest" name="verifySearchWithNoProduct" time="6.830"/>
</testsuite> <!-- com.tutorialsninja.testcases.SearchProductTest -->
