<?xml version="1.0" encoding="UTF-8"?>
<!-- Generated by org.testng.reporters.JUnitReportReporter -->
<testsuite hostname="MacBook-Pro.ht.home" failures="0" tests="7" name="com.tutorialsninja.testcases.LoginTest" time="41.735" errors="0" timestamp="01 Aug 2024 17:50:11 GMT" skipped="0">
  <testcase classname="com.tutorialsninja.testcases.LoginTest" name="verifyLoginWithValidCredentials" time="6.090"/>
  <testcase classname="com.tutorialsninja.testcases.LoginTest" name="verifyLoginWithInalidCredentials" time="5.977"/>
  <testcase classname="com.tutorialsninja.testcases.LoginTest" name="verifyLoginWithValidEmailAndInvalidPassword" time="6.062"/>
  <testcase classname="com.tutorialsninja.testcases.LoginTest" name="verifyLoginWithInvalidEmailAndValidPassword" time="6.307"/>
  <testcase classname="com.tutorialsninja.testcases.LoginTest" name="verifyLoginWithNoCredentials" time="6.190"/>
  <testcase classname="com.tutorialsninja.testcases.LoginTest" name="verifyLoginWithEmptyEmail" time="5.741"/>
  <testcase classname="com.tutorialsninja.testcases.LoginTest" name="verifyLoginWithEmptyPassword" time="5.368"/>
</testsuite> <!-- com.tutorialsninja.testcases.LoginTest -->
