<?xml version="1.0" encoding="UTF-8"?>
<!-- Generated by org.testng.reporters.JUnitReportReporter -->
<testsuite hostname="MacBook-Pro.ht.home" failures="0" tests="2" name="com.tutorialsninja.testcases.CompleteCheckoutTest" time="14.294" errors="0" timestamp="13 Aug 2024 19:02:42 GMT" skipped="1">
  <testcase classname="com.tutorialsninja.testcases.CompleteCheckoutTest" name="validateCompleteCheckoutWithRegisteredAccount" time="14.294"/>
  <testcase classname="com.tutorialsninja.testcases.CompleteCheckoutTest" name="validateCompleteCheckoutWithGuestAccount">
    <skipped/>
  </testcase> <!-- validateCompleteCheckoutWithGuestAccount -->
</testsuite> <!-- com.tutorialsninja.testcases.CompleteCheckoutTest -->
