<?xml version="1.0" encoding="UTF-8"?>
<!-- Generated by org.testng.reporters.JUnitReportReporter -->
<testsuite hostname="MacBook-Pro.ht.home" failures="0" tests="1" name="com.tutorialsninja.testcases.CompleteCheckoutTest" time="51.611" errors="0" timestamp="26 Aug 2024 21:30:41 GMT" skipped="0">
  <testcase classname="com.tutorialsninja.testcases.CompleteCheckoutTest" name="validateCompleteCheckoutWithGuestAccount" time="51.611"/>
</testsuite> <!-- com.tutorialsninja.testcases.CompleteCheckoutTest -->
