<?xml version="1.0" encoding="UTF-8"?>
<!-- Generated by org.testng.reporters.JUnitReportReporter -->
<testsuite hostname="MacBook-Pro.ht.home" failures="0" tests="1" name="com.tutorialsninja.testcases.SearchProductTest" time="5.026" errors="0" timestamp="01 Aug 2024 04:25:55 GMT" skipped="0">
  <testcase classname="com.tutorialsninja.testcases.SearchProductTest" name="verifySearchWithNoProduct" time="5.026"/>
</testsuite> <!-- com.tutorialsninja.testcases.SearchProductTest -->
