<?xml version="1.0" encoding="UTF-8"?>
<!-- Generated by org.testng.reporters.JUnitReportReporter -->
<testsuite hostname="MacBook-Pro.ht.home" failures="0" tests="3" name="com.tutorialsninja.testcases.SearchProductTest" time="14.939" errors="0" timestamp="13 Aug 2024 19:02:42 GMT" skipped="0">
  <testcase classname="com.tutorialsninja.testcases.SearchProductTest" name="verifySearchWithValidProduct" time="5.107"/>
  <testcase classname="com.tutorialsninja.testcases.SearchProductTest" name="verifySearchWithInvalidProduct" time="4.745"/>
  <testcase classname="com.tutorialsninja.testcases.SearchProductTest" name="verifySearchWithNoProduct" time="5.087"/>
</testsuite> <!-- com.tutorialsninja.testcases.SearchProductTest -->
