<?xml version="1.0" encoding="UTF-8"?>
<!-- Generated by org.testng.reporters.JUnitReportReporter -->
<testsuite hostname="MacBook-Pro.ht.home" failures="0" tests="2" name="com.tutorialsninja.testcases.CompleteCheckoutTest" time="15.636" errors="0" timestamp="01 Aug 2024 21:11:58 GMT" skipped="1">
  <testcase classname="com.tutorialsninja.testcases.CompleteCheckoutTest" name="validateCompleteCheckoutWithRegisteredAccount" time="15.636"/>
  <testcase classname="com.tutorialsninja.testcases.CompleteCheckoutTest" name="validateCompleteCheckoutWithGuestAccount">
    <skipped/>
  </testcase> <!-- validateCompleteCheckoutWithGuestAccount -->
</testsuite> <!-- com.tutorialsninja.testcases.CompleteCheckoutTest -->
