<?xml version="1.0" encoding="UTF-8"?>
<!-- Generated by org.testng.reporters.JUnitReportReporter -->
<testsuite hostname="MacBook-Pro.ht.home" failures="0" tests="3" name="com.tutorialsninja.testcases.SearchProductTest" time="14.134" errors="0" timestamp="26 Aug 2024 19:14:22 GMT" skipped="0">
  <testcase classname="com.tutorialsninja.testcases.SearchProductTest" name="verifySearchWithValidProduct" time="5.033"/>
  <testcase classname="com.tutorialsninja.testcases.SearchProductTest" name="verifySearchWithInvalidProduct" time="4.533"/>
  <testcase classname="com.tutorialsninja.testcases.SearchProductTest" name="verifySearchWithNoProduct" time="4.568"/>
</testsuite> <!-- com.tutorialsninja.testcases.SearchProductTest -->
