<?xml version="1.0" encoding="UTF-8"?>
<!-- Generated by org.testng.reporters.JUnitReportReporter -->
<testsuite hostname="MacBook-Pro.ht.home" failures="0" tests="7" name="com.tutorialsninja.testcases.LoginTest" time="38.838" errors="0" timestamp="13 Aug 2024 19:02:42 GMT" skipped="0">
  <testcase classname="com.tutorialsninja.testcases.LoginTest" name="verifyLoginWithValidCredentials" time="5.691"/>
  <testcase classname="com.tutorialsninja.testcases.LoginTest" name="verifyLoginWithInalidCredentials" time="5.476"/>
  <testcase classname="com.tutorialsninja.testcases.LoginTest" name="verifyLoginWithValidEmailAndInvalidPassword" time="5.663"/>
  <testcase classname="com.tutorialsninja.testcases.LoginTest" name="verifyLoginWithInvalidEmailAndValidPassword" time="5.530"/>
  <testcase classname="com.tutorialsninja.testcases.LoginTest" name="verifyLoginWithNoCredentials" time="5.311"/>
  <testcase classname="com.tutorialsninja.testcases.LoginTest" name="verifyLoginWithEmptyEmail" time="5.295"/>
  <testcase classname="com.tutorialsninja.testcases.LoginTest" name="verifyLoginWithEmptyPassword" time="5.872"/>
</testsuite> <!-- com.tutorialsninja.testcases.LoginTest -->
