<?xml version="1.0" encoding="UTF-8"?>
<!-- Generated by org.testng.reporters.JUnitReportReporter -->
<testsuite hostname="MacBook-Pro.ht.home" failures="0" tests="7" name="com.tutorialsninja.testcases.LoginTest" time="38.724" errors="0" timestamp="2024-08-26T17:56:37 EDT" skipped="0">
  <testcase classname="com.tutorialsninja.testcases.LoginTest" name="verifyLoginWithValidCredentials" time="5.680"/>
  <testcase classname="com.tutorialsninja.testcases.LoginTest" name="verifyLoginWithInalidCredentials" time="5.567"/>
  <testcase classname="com.tutorialsninja.testcases.LoginTest" name="verifyLoginWithValidEmailAndInvalidPassword" time="6.100"/>
  <testcase classname="com.tutorialsninja.testcases.LoginTest" name="verifyLoginWithInvalidEmailAndValidPassword" time="5.445"/>
  <testcase classname="com.tutorialsninja.testcases.LoginTest" name="verifyLoginWithNoCredentials" time="5.311"/>
  <testcase classname="com.tutorialsninja.testcases.LoginTest" name="verifyLoginWithEmptyEmail" time="5.371"/>
  <testcase classname="com.tutorialsninja.testcases.LoginTest" name="verifyLoginWithEmptyPassword" time="5.250"/>
</testsuite> <!-- com.tutorialsninja.testcases.LoginTest -->
