<?xml version="1.0" encoding="UTF-8"?>
<!-- Generated by org.testng.reporters.JUnitReportReporter -->
<testsuite hostname="MacBook-Pro.ht.home" failures="0" tests="2" name="com.tutorialsninja.testcases.CompleteCheckoutTest" time="27.530" errors="0" timestamp="2024-08-26T17:56:37 EDT" skipped="0">
  <testcase classname="com.tutorialsninja.testcases.CompleteCheckoutTest" name="validateCompleteCheckoutWithRegisteredAccount" time="14.521"/>
  <testcase classname="com.tutorialsninja.testcases.CompleteCheckoutTest" name="validateCompleteCheckoutWithGuestAccount" time="13.009"/>
</testsuite> <!-- com.tutorialsninja.testcases.CompleteCheckoutTest -->
