<?xml version="1.0" encoding="UTF-8"?>
<!-- Generated by org.testng.reporters.JUnitReportReporter -->
<testsuite hostname="MacBook-Pro.ht.home" failures="0" tests="6" name="com.tutorialsninja.testcases.RegisterTest" time="29.605" errors="0" timestamp="2024-08-26T17:56:37 EDT" skipped="1">
  <testcase classname="com.tutorialsninja.testcases.RegisterTest" name="verifyRegisterWithAllDetails" time="6.199"/>
  <testcase classname="com.tutorialsninja.testcases.RegisterTest" name="verifyRegisterWithExistingEmail" time="5.903"/>
  <testcase classname="com.tutorialsninja.testcases.RegisterTest" name="verifyRegisterWithInvalidConfirmPassword" time="5.961"/>
  <testcase classname="com.tutorialsninja.testcases.RegisterTest" name="verifyRegisterWithNoDetails" time="5.717"/>
  <testcase classname="com.tutorialsninja.testcases.RegisterTest" name="verifyRegisterWithoutClickingAgreePrivacyPolicy" time="5.825"/>
  <testcase classname="com.tutorialsninja.testcases.RegisterTest" name="verifyRegisterWithMandatoryDetails">
    <skipped/>
  </testcase> <!-- verifyRegisterWithMandatoryDetails -->
</testsuite> <!-- com.tutorialsninja.testcases.RegisterTest -->
