<?xml version="1.0" encoding="UTF-8"?>
<!-- Generated by org.testng.reporters.JUnitReportReporter -->
<testsuite hostname="MacBook-Pro.ht.home" failures="0" tests="3" name="com.tutorialsninja.testcases.SearchProductTest" time="14.930" errors="0" timestamp="2024-08-26T17:56:37 EDT" skipped="0">
  <testcase classname="com.tutorialsninja.testcases.SearchProductTest" name="verifySearchWithValidProduct" time="5.248"/>
  <testcase classname="com.tutorialsninja.testcases.SearchProductTest" name="verifySearchWithInvalidProduct" time="4.709"/>
  <testcase classname="com.tutorialsninja.testcases.SearchProductTest" name="verifySearchWithNoProduct" time="4.973"/>
</testsuite> <!-- com.tutorialsninja.testcases.SearchProductTest -->
